#
# There is insufficient memory for the Java Runtime Environment to continue.
# Native memory allocation (mmap) failed to map 268435456 bytes for Failed to commit area from 0x0000000701e00000 to 0x0000000711e00000 of length 268435456.
# Possible reasons:
#   The system is out of physical RAM or swap space
#   The process is running with CompressedOops enabled, and the Java Heap may be blocking the growth of the native heap
# Possible solutions:
#   Reduce memory load on the system
#   Increase physical memory or swap space
#   Check if swap backing store is full
#   Decrease Java heap size (-Xmx/-Xms)
#   Decrease number of Java threads
#   Decrease Java thread stack sizes (-Xss)
#   Set larger code cache with -XX:ReservedCodeCacheSize=
# This output file may be truncated or incomplete.
#
#  Out of Memory Error (./src/hotspot/os/windows/os_windows.cpp:3301), pid=20408, tid=7596
#
# JRE version:  (11.0.11+9) (build )
# Java VM: OpenJDK 64-Bit Server VM (11.0.11+9-b60-7590822, mixed mode, sharing, tiered, compressed oops, g1 gc, windows-amd64)
# No core dump will be written. Minidumps are not enabled by default on client versions of Windows
#

---------------  S U M M A R Y ------------

Command Line: org.jetbrains.kotlin.cli.jvm.K2JVMCompiler @C:\Users\marty\Documents\GitHub\Mobilioji-aplikacija\app\build\20220526_5332118280444359505.compiler.options

Host: Intel(R) Core(TM) i7-9750H CPU @ 2.60GHz, 12 cores, 15G,  Windows 10 , 64 bit Build 22000 (10.0.22000.675)
Time: Thu May 26 19:06:39 2022 FLE Summer Time elapsed time: 0.026071 seconds (0d 0h 0m 0s)

---------------  T H R E A D  ---------------

Current thread (0x0000023d8a381000):  JavaThread "Unknown thread" [_thread_in_vm, id=7596, stack(0x000000a35c400000,0x000000a35c500000)]

Stack: [0x000000a35c400000,0x000000a35c500000]
Native frames: (J=compiled Java code, j=interpreted, Vv=VM code, C=native code)
V  [jvm.dll+0x5f214a]
V  [jvm.dll+0x726fb5]
V  [jvm.dll+0x7285cd]
V  [jvm.dll+0x728c83]
V  [jvm.dll+0x243278]
V  [jvm.dll+0x5ef544]
V  [jvm.dll+0x5e4495]
V  [jvm.dll+0x2fec5b]
V  [jvm.dll+0x2febca]
V  [jvm.dll+0x2feaa2]
V  [jvm.dll+0x303986]
V  [jvm.dll+0x34c3a3]
V  [jvm.dll+0x34caa6]
V  [jvm.dll+0x34c4a3]
V  [jvm.dll+0x2d9688]
V  [jvm.dll+0x2da837]
V  [jvm.dll+0x705ba7]
V  [jvm.dll+0x70739c]
V  [jvm.dll+0x3598f9]
V  [jvm.dll+0x6e931e]
V  [jvm.dll+0x3c1c43]
V  [jvm.dll+0x3c3e81]
C  [jli.dll+0x5373]
C  [ucrtbase.dll+0x26c0c]
C  [KERNEL32.DLL+0x154e0]
C  [ntdll.dll+0x485b]


---------------  P R O C E S S  ---------------

Threads class SMR info:
_java_thread_list=0x0000023d88126b60, length=0, elements={
}

Java Threads: ( => current thread )

Other Threads:
  0x0000023d8a396800 GCTaskThread "GC Thread#0" [stack: 0x000000a35c500000,0x000000a35c600000] [id=9532]
  0x0000023d8a3f3000 ConcurrentGCThread "G1 Main Marker" [stack: 0x000000a35c600000,0x000000a35c700000] [id=4620]
  0x0000023d8a3f4800 ConcurrentGCThread "G1 Conc#0" [stack: 0x000000a35c700000,0x000000a35c800000] [id=18844]

[error occurred during error reporting (printing all threads), id 0xc0000005, EXCEPTION_ACCESS_VIOLATION (0xc0000005) at pc=0x00007ffe761f9c47]

VM state:not at safepoint (not fully initialized)

VM Mutex/Monitor currently owned by a thread:  ([mutex/lock_event])
[0x0000023d8a37ba40] Heap_lock - owner thread: 0x0000023d8a381000

Heap address: 0x0000000701e00000, size: 4066 MB, Compressed Oops mode: Non-zero based: 0x0000000701e00000
Narrow klass base: 0x0000000000000000, Narrow klass shift: 0

GC Heap History (0 events):
No events

Deoptimization events (0 events):
No events

Classes redefined (0 events):
No events

Internal exceptions (0 events):
No events

Events (1 events):
Event: 0.015 Loaded shared library C:\Program Files\Android\Android Studio\jre\bin\zip.dll


Dynamic libraries:
0x00007ff7d9690000 - 0x00007ff7d969a000 	C:\Program Files\Android\Android Studio\jre\bin\java.exe
0x00007ffeec840000 - 0x00007ffeeca49000 	C:\WINDOWS\SYSTEM32\ntdll.dll
0x00007ffeebc00000 - 0x00007ffeebcbd000 	C:\WINDOWS\System32\KERNEL32.DLL
0x00007ffeea1f0000 - 0x00007ffeea569000 	C:\WINDOWS\System32\KERNELBASE.dll
0x00007ffeea0d0000 - 0x00007ffeea1e1000 	C:\WINDOWS\System32\ucrtbase.dll
0x00007ffed5f50000 - 0x00007ffed5f69000 	C:\Program Files\Android\Android Studio\jre\bin\jli.dll
0x00007ffed5da0000 - 0x00007ffed5db7000 	C:\Program Files\Android\Android Studio\jre\bin\VCRUNTIME140.dll
0x00007ffeeb5f0000 - 0x00007ffeeb79c000 	C:\WINDOWS\System32\USER32.dll
0x00007ffeea000000 - 0x00007ffeea026000 	C:\WINDOWS\System32\win32u.dll
0x00007ffecc6e0000 - 0x00007ffecc985000 	C:\WINDOWS\WinSxS\amd64_microsoft.windows.common-controls_6595b64144ccf1df_6.0.22000.120_none_9d947278b86cc467\COMCTL32.dll
0x00007ffeeacd0000 - 0x00007ffeeacf9000 	C:\WINDOWS\System32\GDI32.dll
0x00007ffeec4c0000 - 0x00007ffeec563000 	C:\WINDOWS\System32\msvcrt.dll
0x00007ffee9db0000 - 0x00007ffee9ec2000 	C:\WINDOWS\System32\gdi32full.dll
0x00007ffeea030000 - 0x00007ffeea0cd000 	C:\WINDOWS\System32\msvcp_win.dll
0x00007ffeec000000 - 0x00007ffeec031000 	C:\WINDOWS\System32\IMM32.DLL
0x00007ffeb9080000 - 0x00007ffeb911d000 	C:\Program Files\Android\Android Studio\jre\bin\msvcp140.dll
0x00007ffe75f10000 - 0x00007ffe769e5000 	C:\Program Files\Android\Android Studio\jre\bin\server\jvm.dll
0x00007ffeec750000 - 0x00007ffeec7fe000 	C:\WINDOWS\System32\ADVAPI32.dll
0x00007ffeebf60000 - 0x00007ffeebffe000 	C:\WINDOWS\System32\sechost.dll
0x00007ffeeb890000 - 0x00007ffeeb9b0000 	C:\WINDOWS\System32\RPCRT4.dll
0x00007ffeebf50000 - 0x00007ffeebf58000 	C:\WINDOWS\System32\PSAPI.DLL
0x00007ffee3240000 - 0x00007ffee3273000 	C:\WINDOWS\SYSTEM32\WINMM.dll
0x00007ffee1990000 - 0x00007ffee199a000 	C:\WINDOWS\SYSTEM32\VERSION.dll
0x00007ffee6350000 - 0x00007ffee6359000 	C:\WINDOWS\SYSTEM32\WSOCK32.dll
0x00007ffeeb7a0000 - 0x00007ffeeb80f000 	C:\WINDOWS\System32\WS2_32.dll
0x00007ffee8f20000 - 0x00007ffee8f38000 	C:\WINDOWS\SYSTEM32\kernel.appcore.dll
0x00007ffee1320000 - 0x00007ffee1331000 	C:\Program Files\Android\Android Studio\jre\bin\verify.dll
0x00007ffee7890000 - 0x00007ffee7ab1000 	C:\WINDOWS\SYSTEM32\DBGHELP.DLL
0x00007ffed25b0000 - 0x00007ffed25e1000 	C:\WINDOWS\SYSTEM32\dbgcore.DLL
0x00007ffee9d30000 - 0x00007ffee9daf000 	C:\WINDOWS\System32\bcryptPrimitives.dll
0x00007ffed7250000 - 0x00007ffed7279000 	C:\Program Files\Android\Android Studio\jre\bin\java.dll
0x00007ffee5f80000 - 0x00007ffee5f8b000 	C:\Program Files\Android\Android Studio\jre\bin\jimage.dll
0x00007ffedefb0000 - 0x00007ffedefc8000 	C:\Program Files\Android\Android Studio\jre\bin\zip.dll

dbghelp: loaded successfully - version: 4.0.5 - missing functions: none
symbol engine: initialized successfully - sym options: 0x614 - pdb path: .;C:\Program Files\Android\Android Studio\jre\bin;C:\WINDOWS\SYSTEM32;C:\WINDOWS\WinSxS\amd64_microsoft.windows.common-controls_6595b64144ccf1df_6.0.22000.120_none_9d947278b86cc467;C:\Program Files\Android\Android Studio\jre\bin\server

VM Arguments:
java_command: org.jetbrains.kotlin.cli.jvm.K2JVMCompiler @C:\Users\marty\Documents\GitHub\Mobilioji-aplikacija\app\build\20220526_5332118280444359505.compiler.options
java_class_path (initial): C:\Users\marty\.gradle\caches\modules-2\files-2.1\org.jetbrains.kotlin\kotlin-compiler-embeddable\1.5.30\3362a354066df1578a057c200da23cf2a1d8144f\kotlin-compiler-embeddable-1.5.30.jar;C:\Users\marty\.gradle\caches\modules-2\files-2.1\org.jetbrains.kotlin\kotlin-reflect\1.5.30\6773e974437dd6432aa646cc2f8ab71de42b5773\kotlin-reflect-1.5.30.jar;C:\Users\marty\.gradle\caches\modules-2\files-2.1\org.jetbrains.kotlin\kotlin-stdlib\1.5.30\d68efdea04955974ac1020f8f66ef8176bfbce1f\kotlin-stdlib-1.5.30.jar;C:\Users\marty\.gradle\caches\modules-2\files-2.1\org.jetbrains.kotlin\kotlin-script-runtime\1.5.30\10697ab20bfd2f1b23baa91306950c36c4e89a8d\kotlin-script-runtime-1.5.30.jar;C:\Users\marty\.gradle\caches\modules-2\files-2.1\org.jetbrains.kotlin\kotlin-daemon-embeddable\1.5.30\e355dc9011e559a475608265607948109e113ae0\kotlin-daemon-embeddable-1.5.30.jar;C:\Users\marty\.gradle\caches\modules-2\files-2.1\org.jetbrains.intellij.deps\trove4j\1.0.20181211\216c2e14b070f334479d800987affe4054cd563f\trove4j-1.0.20181211.jar;C:\Users\marty\.gradle\caches\modules-2\files-2.1\org.jetbrains\annotations\13.0\919f0dfe192fb4e063e7dacadee7f8bb9a2672a9\annotations-13.0.jar;C:\Users\marty\.gradle\caches\modules-2\files-2.1\org.jetbrains.kotlin\kotlin-stdlib-common\1.5.30\649ffab7767038323fec0cc41e2d7b0a8f65a378\kotlin-stdlib-common-1.5.30.jar
Launcher Type: SUN_STANDARD

[Global flags]
     intx CICompilerCount                          = 4                                         {product} {ergonomic}
     uint ConcGCThreads                            = 3                                         {product} {ergonomic}
     uint G1ConcRefinementThreads                  = 10                                        {product} {ergonomic}
   size_t G1HeapRegionSize                         = 1048576                                   {product} {ergonomic}
    uintx GCDrainStackTargetSize                   = 64                                        {product} {ergonomic}
   size_t InitialHeapSize                          = 268435456                                 {product} {ergonomic}
   size_t MarkStackSize                            = 4194304                                   {product} {ergonomic}
   size_t MaxHeapSize                              = 4263510016                                {product} {ergonomic}
   size_t MinHeapDeltaBytes                        = 1048576                                   {product} {ergonomic}
    uintx NonNMethodCodeHeapSize                   = 5836300                                {pd product} {ergonomic}
    uintx NonProfiledCodeHeapSize                  = 122910970                              {pd product} {ergonomic}
    uintx ProfiledCodeHeapSize                     = 122910970                              {pd product} {ergonomic}
    uintx ReservedCodeCacheSize                    = 251658240                              {pd product} {ergonomic}
     bool SegmentedCodeCache                       = true                                      {product} {ergonomic}
     bool UseCompressedClassPointers               = true                                 {lp64_product} {ergonomic}
     bool UseCompressedOops                        = true                                 {lp64_product} {ergonomic}
     bool UseG1GC                                  = true                                      {product} {ergonomic}
     bool UseLargePagesIndividualAllocation        = false                                  {pd product} {ergonomic}

Logging:
Log output configuration:
 #0: stdout all=warning uptime,level,tags
 #1: stderr all=off uptime,level,tags

Environment Variables:
JAVA_HOME=C:\Program Files\Android\Android Studio\jre
PATH=C:\Program Files\NVIDIA GPU Computing Toolkit\CUDA\v11.5\bin;C:\Program Files\NVIDIA GPU Computing Toolkit\CUDA\v11.5\libnvvp;C:\Program Files\Common Files\Oracle\Java\javapath;C:\Program Files (x86)\Common Files\Oracle\Java\javapath;C:\Windows\system32;C:\Windows;C:\Windows\System32\Wbem;C:\Windows\System32\WindowsPowerShell\v1.0\;C:\Windows\System32\OpenSSH\;C:\Program Files\NVIDIA Corporation\NVIDIA NvDLISR;C:\Program Files (x86)\NVIDIA Corporation\PhysX\Common;C:\Program Files\Microsoft SQL Server\130\Tools\Binn\;C:\Program Files\Git LFS;C:\Program Files\dotnet\;C:\ProgramData\chocolatey\bin;C:\Program Files\Go\bin;C:\WINDOWS\system32;C:\WINDOWS;C:\WINDOWS\System32\Wbem;C:\WINDOWS\System32\WindowsPowerShell\v1.0\;C:\WINDOWS\System32\OpenSSH\;C:\Program Files\Git\cmd;C:\Program Files\Microsoft SQL Server\150\Tools\Binn\;C:\Program Files\Microsoft SQL Server\Client SDK\ODBC\170\Tools\Binn\;C:\Users\marty\AppData\Local\Microsoft\WindowsApps;C:\Users\marty\AppData\Local\Programs\Microsoft VS Code\bin;C:\Users\marty\AppData\Roaming\cabal\bin;C:\tools\ghc-9.0.1\bin;C:\tools\msys64;C:\GnuWin32\bin;C:\Dev-Cpp\TDM-GCC-64\bin;C:\Users\marty\go\bin;C:\Users\marty\.dotnet\tools;C:\Users\marty\AppData\Local\GitHubDesktop\bin;C:\Users\marty\AppData\Local\Android\Sdk\platform-tools;C:\Users\marty\AppData\Local\Android\Sdk\tools
USERNAME=marty
OS=Windows_NT
PROCESSOR_IDENTIFIER=Intel64 Family 6 Model 158 Stepping 10, GenuineIntel



---------------  S Y S T E M  ---------------

OS: Windows 10 , 64 bit Build 22000 (10.0.22000.675)
OS uptime: 7 days 7:53 hours

CPU:total 12 (initial active 12) (6 cores per cpu, 2 threads per core) family 6 model 158 stepping 10 microcode 0xea, cmov, cx8, fxsr, mmx, sse, sse2, sse3, ssse3, sse4.1, sse4.2, popcnt, avx, avx2, aes, clmul, erms, 3dnowpref, lzcnt, ht, tsc, tscinvbit, bmi1, bmi2, adx, fma

Memory: 4k page, system-wide physical 16262M (485M free)
TotalPageFile size 65414M (AvailPageFile size 243M)
current process WorkingSet (physical memory assigned to process): 10M, peak: 10M
current process commit charge ("private bytes"): 64M, peak: 320M

vm_info: OpenJDK 64-Bit Server VM (11.0.11+9-b60-7590822) for windows-amd64 JRE (11.0.11+9-b60-7590822), built on Jul 29 2021 21:43:44 by "builder" with MS VC++ 14.0 (VS2015)

END.
